[2022-06-09 03:03:27] local.ERROR: SQLSTATE[HY000] [2002] No connection could be made because the target machine actively refused it (SQL: select * from `tbluser`) {"exception":"[object] (Illuminate\\Database\\QueryException(code: 2002): SQLSTATE[HY000] [2002] No connection could be made because the target machine actively refused it (SQL: select * from `tbluser`) at C:\\Xamp\\php\\tantoy_sia2\\vendor\\illuminate\\database\\Connection.php:742)
[stacktrace]
#0 C:\\Xamp\\php\\tantoy_sia2\\vendor\\illuminate\\database\\Connection.php(702): Illuminate\\Database\\Connection->runQueryCallback('select * from `...', Array, Object(Closure))
#1 C:\\Xamp\\php\\tantoy_sia2\\vendor\\illuminate\\database\\Connection.php(404): Illuminate\\Database\\Connection->run('select * from `...', Array, Object(Closure))
#2 C:\\Xamp\\php\\tantoy_sia2\\vendor\\illuminate\\database\\Query\\Builder.php(2630): Illuminate\\Database\\Connection->select('select * from `...', Array, true)
#3 C:\\Xamp\\php\\tantoy_sia2\\vendor\\illuminate\\database\\Query\\Builder.php(2618): Illuminate\\Database\\Query\\Builder->runSelect()
#4 C:\\Xamp\\php\\tantoy_sia2\\vendor\\illuminate\\database\\Query\\Builder.php(3154): Illuminate\\Database\\Query\\Builder->Illuminate\\Database\\Query\\{closure}()
#5 C:\\Xamp\\php\\tantoy_sia2\\vendor\\illuminate\\database\\Query\\Builder.php(2619): Illuminate\\Database\\Query\\Builder->onceWithColumns(Array, Object(Closure))
#6 C:\\Xamp\\php\\tantoy_sia2\\vendor\\illuminate\\database\\Eloquent\\Builder.php(698): Illuminate\\Database\\Query\\Builder->get(Array)
#7 C:\\Xamp\\php\\tantoy_sia2\\vendor\\illuminate\\database\\Eloquent\\Builder.php(682): Illuminate\\Database\\Eloquent\\Builder->getModels(Array)
#8 C:\\Xamp\\php\\tantoy_sia2\\vendor\\illuminate\\database\\Eloquent\\Model.php(570): Illuminate\\Database\\Eloquent\\Builder->get(Array)
#9 C:\\Xamp\\php\\tantoy_sia2\\app\\Http\\Controllers\\Usercontroller.php(19): Illuminate\\Database\\Eloquent\\Model::all()
#10 C:\\Xamp\\php\\tantoy_sia2\\vendor\\illuminate\\container\\BoundMethod.php(36): App\\Http\\Controllers\\UserController->index()
#11 C:\\Xamp\\php\\tantoy_sia2\\vendor\\illuminate\\container\\Util.php(41): Illuminate\\Container\\BoundMethod::Illuminate\\Container\\{closure}()
#12 C:\\Xamp\\php\\tantoy_sia2\\vendor\\illuminate\\container\\BoundMethod.php(93): Illuminate\\Container\\Util::unwrapIfClosure(Object(Closure))
#13 C:\\Xamp\\php\\tantoy_sia2\\vendor\\illuminate\\container\\BoundMethod.php(37): Illuminate\\Container\\BoundMethod::callBoundMethod(Object(Laravel\\Lumen\\Application), Array, Object(Closure))
#14 C:\\Xamp\\php\\tantoy_sia2\\vendor\\illuminate\\container\\Container.php(651): Illuminate\\Container\\BoundMethod::call(Object(Laravel\\Lumen\\Application), Array, Array, NULL)
#15 C:\\Xamp\\php\\tantoy_sia2\\vendor\\laravel\\lumen-framework\\src\\Concerns\\RoutesRequests.php(389): Illuminate\\Container\\Container->call(Array, Array)
#16 C:\\Xamp\\php\\tantoy_sia2\\vendor\\laravel\\lumen-framework\\src\\Concerns\\RoutesRequests.php(355): Laravel\\Lumen\\Application->callControllerCallable(Array, Array)
#17 C:\\Xamp\\php\\tantoy_sia2\\vendor\\laravel\\lumen-framework\\src\\Concerns\\RoutesRequests.php(329): Laravel\\Lumen\\Application->callLumenController(Object(App\\Http\\Controllers\\UserController), 'index', Array)
#18 C:\\Xamp\\php\\tantoy_sia2\\vendor\\laravel\\lumen-framework\\src\\Concerns\\RoutesRequests.php(282): Laravel\\Lumen\\Application->callControllerAction(Array)
#19 C:\\Xamp\\php\\tantoy_sia2\\vendor\\laravel\\lumen-framework\\src\\Concerns\\RoutesRequests.php(267): Laravel\\Lumen\\Application->callActionOnArrayBasedRoute(Array)
#20 C:\\Xamp\\php\\tantoy_sia2\\vendor\\laravel\\lumen-framework\\src\\Concerns\\RoutesRequests.php(169): Laravel\\Lumen\\Application->handleFoundRoute(Array)
#21 C:\\Xamp\\php\\tantoy_sia2\\vendor\\laravel\\lumen-framework\\src\\Concerns\\RoutesRequests.php(429): Laravel\\Lumen\\Application->Laravel\\Lumen\\Concerns\\{closure}(Object(Laravel\\Lumen\\Http\\Request))
#22 C:\\Xamp\\php\\tantoy_sia2\\vendor\\laravel\\lumen-framework\\src\\Concerns\\RoutesRequests.php(175): Laravel\\Lumen\\Application->sendThroughPipeline(Array, Object(Closure))
#23 C:\\Xamp\\php\\tantoy_sia2\\vendor\\laravel\\lumen-framework\\src\\Concerns\\RoutesRequests.php(112): Laravel\\Lumen\\Application->dispatch(NULL)
#24 C:\\Xamp\\php\\tantoy_sia2\\public\\index.php(28): Laravel\\Lumen\\Application->run()
#25 {main}

[previous exception] [object] (PDOException(code: 2002): SQLSTATE[HY000] [2002] No connection could be made because the target machine actively refused it at C:\\Xamp\\php\\tantoy_sia2\\vendor\\illuminate\\database\\Connectors\\Connector.php:70)
[stacktrace]
#0 C:\\Xamp\\php\\tantoy_sia2\\vendor\\illuminate\\database\\Connectors\\Connector.php(70): PDO->__construct('mysql:host=127....', 'root', '', Array)
#1 C:\\Xamp\\php\\tantoy_sia2\\vendor\\illuminate\\database\\Connectors\\Connector.php(46): Illuminate\\Database\\Connectors\\Connector->createPdoConnection('mysql:host=127....', 'root', '', Array)
#2 C:\\Xamp\\php\\tantoy_sia2\\vendor\\illuminate\\database\\Connectors\\MySqlConnector.php(24): Illuminate\\Database\\Connectors\\Connector->createConnection('mysql:host=127....', Array, Array)
#3 C:\\Xamp\\php\\tantoy_sia2\\vendor\\illuminate\\database\\Connectors\\ConnectionFactory.php(184): Illuminate\\Database\\Connectors\\MySqlConnector->connect(Array)
#4 [internal function]: Illuminate\\Database\\Connectors\\ConnectionFactory->Illuminate\\Database\\Connectors\\{closure}()
#5 C:\\Xamp\\php\\tantoy_sia2\\vendor\\illuminate\\database\\Connection.php(1084): call_user_func(Object(Closure))
#6 C:\\Xamp\\php\\tantoy_sia2\\vendor\\illuminate\\database\\Connection.php(1120): Illuminate\\Database\\Connection->getPdo()
#7 C:\\Xamp\\php\\tantoy_sia2\\vendor\\illuminate\\database\\Connection.php(468): Illuminate\\Database\\Connection->getReadPdo()
#8 C:\\Xamp\\php\\tantoy_sia2\\vendor\\illuminate\\database\\Connection.php(396): Illuminate\\Database\\Connection->getPdoForSelect(true)
#9 C:\\Xamp\\php\\tantoy_sia2\\vendor\\illuminate\\database\\Connection.php(735): Illuminate\\Database\\Connection->Illuminate\\Database\\{closure}('select * from `...', Array)
#10 C:\\Xamp\\php\\tantoy_sia2\\vendor\\illuminate\\database\\Connection.php(702): Illuminate\\Database\\Connection->runQueryCallback('select * from `...', Array, Object(Closure))
#11 C:\\Xamp\\php\\tantoy_sia2\\vendor\\illuminate\\database\\Connection.php(404): Illuminate\\Database\\Connection->run('select * from `...', Array, Object(Closure))
#12 C:\\Xamp\\php\\tantoy_sia2\\vendor\\illuminate\\database\\Query\\Builder.php(2630): Illuminate\\Database\\Connection->select('select * from `...', Array, true)
#13 C:\\Xamp\\php\\tantoy_sia2\\vendor\\illuminate\\database\\Query\\Builder.php(2618): Illuminate\\Database\\Query\\Builder->runSelect()
#14 C:\\Xamp\\php\\tantoy_sia2\\vendor\\illuminate\\database\\Query\\Builder.php(3154): Illuminate\\Database\\Query\\Builder->Illuminate\\Database\\Query\\{closure}()
#15 C:\\Xamp\\php\\tantoy_sia2\\vendor\\illuminate\\database\\Query\\Builder.php(2619): Illuminate\\Database\\Query\\Builder->onceWithColumns(Array, Object(Closure))
#16 C:\\Xamp\\php\\tantoy_sia2\\vendor\\illuminate\\database\\Eloquent\\Builder.php(698): Illuminate\\Database\\Query\\Builder->get(Array)
#17 C:\\Xamp\\php\\tantoy_sia2\\vendor\\illuminate\\database\\Eloquent\\Builder.php(682): Illuminate\\Database\\Eloquent\\Builder->getModels(Array)
#18 C:\\Xamp\\php\\tantoy_sia2\\vendor\\illuminate\\database\\Eloquent\\Model.php(570): Illuminate\\Database\\Eloquent\\Builder->get(Array)
#19 C:\\Xamp\\php\\tantoy_sia2\\app\\Http\\Controllers\\Usercontroller.php(19): Illuminate\\Database\\Eloquent\\Model::all()
#20 C:\\Xamp\\php\\tantoy_sia2\\vendor\\illuminate\\container\\BoundMethod.php(36): App\\Http\\Controllers\\UserController->index()
#21 C:\\Xamp\\php\\tantoy_sia2\\vendor\\illuminate\\container\\Util.php(41): Illuminate\\Container\\BoundMethod::Illuminate\\Container\\{closure}()
#22 C:\\Xamp\\php\\tantoy_sia2\\vendor\\illuminate\\container\\BoundMethod.php(93): Illuminate\\Container\\Util::unwrapIfClosure(Object(Closure))
#23 C:\\Xamp\\php\\tantoy_sia2\\vendor\\illuminate\\container\\BoundMethod.php(37): Illuminate\\Container\\BoundMethod::callBoundMethod(Object(Laravel\\Lumen\\Application), Array, Object(Closure))
#24 C:\\Xamp\\php\\tantoy_sia2\\vendor\\illuminate\\container\\Container.php(651): Illuminate\\Container\\BoundMethod::call(Object(Laravel\\Lumen\\Application), Array, Array, NULL)
#25 C:\\Xamp\\php\\tantoy_sia2\\vendor\\laravel\\lumen-framework\\src\\Concerns\\RoutesRequests.php(389): Illuminate\\Container\\Container->call(Array, Array)
#26 C:\\Xamp\\php\\tantoy_sia2\\vendor\\laravel\\lumen-framework\\src\\Concerns\\RoutesRequests.php(355): Laravel\\Lumen\\Application->callControllerCallable(Array, Array)
#27 C:\\Xamp\\php\\tantoy_sia2\\vendor\\laravel\\lumen-framework\\src\\Concerns\\RoutesRequests.php(329): Laravel\\Lumen\\Application->callLumenController(Object(App\\Http\\Controllers\\UserController), 'index', Array)
#28 C:\\Xamp\\php\\tantoy_sia2\\vendor\\laravel\\lumen-framework\\src\\Concerns\\RoutesRequests.php(282): Laravel\\Lumen\\Application->callControllerAction(Array)
#29 C:\\Xamp\\php\\tantoy_sia2\\vendor\\laravel\\lumen-framework\\src\\Concerns\\RoutesRequests.php(267): Laravel\\Lumen\\Application->callActionOnArrayBasedRoute(Array)
#30 C:\\Xamp\\php\\tantoy_sia2\\vendor\\laravel\\lumen-framework\\src\\Concerns\\RoutesRequests.php(169): Laravel\\Lumen\\Application->handleFoundRoute(Array)
#31 C:\\Xamp\\php\\tantoy_sia2\\vendor\\laravel\\lumen-framework\\src\\Concerns\\RoutesRequests.php(429): Laravel\\Lumen\\Application->Laravel\\Lumen\\Concerns\\{closure}(Object(Laravel\\Lumen\\Http\\Request))
#32 C:\\Xamp\\php\\tantoy_sia2\\vendor\\laravel\\lumen-framework\\src\\Concerns\\RoutesRequests.php(175): Laravel\\Lumen\\Application->sendThroughPipeline(Array, Object(Closure))
#33 C:\\Xamp\\php\\tantoy_sia2\\vendor\\laravel\\lumen-framework\\src\\Concerns\\RoutesRequests.php(112): Laravel\\Lumen\\Application->dispatch(NULL)
#34 C:\\Xamp\\php\\tantoy_sia2\\public\\index.php(28): Laravel\\Lumen\\Application->run()
#35 {main}
"} 
[2022-06-09 03:04:06] local.ERROR: SQLSTATE[42S02]: Base table or view not found: 1146 Table 'sia_act2.tbluser' doesn't exist (SQL: select * from `tbluser`) {"exception":"[object] (Illuminate\\Database\\QueryException(code: 42S02): SQLSTATE[42S02]: Base table or view not found: 1146 Table 'sia_act2.tbluser' doesn't exist (SQL: select * from `tbluser`) at C:\\Xamp\\php\\tantoy_sia2\\vendor\\illuminate\\database\\Connection.php:742)
[stacktrace]
#0 C:\\Xamp\\php\\tantoy_sia2\\vendor\\illuminate\\database\\Connection.php(702): Illuminate\\Database\\Connection->runQueryCallback('select * from `...', Array, Object(Closure))
#1 C:\\Xamp\\php\\tantoy_sia2\\vendor\\illuminate\\database\\Connection.php(404): Illuminate\\Database\\Connection->run('select * from `...', Array, Object(Closure))
#2 C:\\Xamp\\php\\tantoy_sia2\\vendor\\illuminate\\database\\Query\\Builder.php(2630): Illuminate\\Database\\Connection->select('select * from `...', Array, true)
#3 C:\\Xamp\\php\\tantoy_sia2\\vendor\\illuminate\\database\\Query\\Builder.php(2618): Illuminate\\Database\\Query\\Builder->runSelect()
#4 C:\\Xamp\\php\\tantoy_sia2\\vendor\\illuminate\\database\\Query\\Builder.php(3154): Illuminate\\Database\\Query\\Builder->Illuminate\\Database\\Query\\{closure}()
#5 C:\\Xamp\\php\\tantoy_sia2\\vendor\\illuminate\\database\\Query\\Builder.php(2619): Illuminate\\Database\\Query\\Builder->onceWithColumns(Array, Object(Closure))
#6 C:\\Xamp\\php\\tantoy_sia2\\vendor\\illuminate\\database\\Eloquent\\Builder.php(698): Illuminate\\Database\\Query\\Builder->get(Array)
#7 C:\\Xamp\\php\\tantoy_sia2\\vendor\\illuminate\\database\\Eloquent\\Builder.php(682): Illuminate\\Database\\Eloquent\\Builder->getModels(Array)
#8 C:\\Xamp\\php\\tantoy_sia2\\vendor\\illuminate\\database\\Eloquent\\Model.php(570): Illuminate\\Database\\Eloquent\\Builder->get(Array)
#9 C:\\Xamp\\php\\tantoy_sia2\\app\\Http\\Controllers\\Usercontroller.php(19): Illuminate\\Database\\Eloquent\\Model::all()
#10 C:\\Xamp\\php\\tantoy_sia2\\vendor\\illuminate\\container\\BoundMethod.php(36): App\\Http\\Controllers\\UserController->index()
#11 C:\\Xamp\\php\\tantoy_sia2\\vendor\\illuminate\\container\\Util.php(41): Illuminate\\Container\\BoundMethod::Illuminate\\Container\\{closure}()
#12 C:\\Xamp\\php\\tantoy_sia2\\vendor\\illuminate\\container\\BoundMethod.php(93): Illuminate\\Container\\Util::unwrapIfClosure(Object(Closure))
#13 C:\\Xamp\\php\\tantoy_sia2\\vendor\\illuminate\\container\\BoundMethod.php(37): Illuminate\\Container\\BoundMethod::callBoundMethod(Object(Laravel\\Lumen\\Application), Array, Object(Closure))
#14 C:\\Xamp\\php\\tantoy_sia2\\vendor\\illuminate\\container\\Container.php(651): Illuminate\\Container\\BoundMethod::call(Object(Laravel\\Lumen\\Application), Array, Array, NULL)
#15 C:\\Xamp\\php\\tantoy_sia2\\vendor\\laravel\\lumen-framework\\src\\Concerns\\RoutesRequests.php(389): Illuminate\\Container\\Container->call(Array, Array)
#16 C:\\Xamp\\php\\tantoy_sia2\\vendor\\laravel\\lumen-framework\\src\\Concerns\\RoutesRequests.php(355): Laravel\\Lumen\\Application->callControllerCallable(Array, Array)
#17 C:\\Xamp\\php\\tantoy_sia2\\vendor\\laravel\\lumen-framework\\src\\Concerns\\RoutesRequests.php(329): Laravel\\Lumen\\Application->callLumenController(Object(App\\Http\\Controllers\\UserController), 'index', Array)
#18 C:\\Xamp\\php\\tantoy_sia2\\vendor\\laravel\\lumen-framework\\src\\Concerns\\RoutesRequests.php(282): Laravel\\Lumen\\Application->callControllerAction(Array)
#19 C:\\Xamp\\php\\tantoy_sia2\\vendor\\laravel\\lumen-framework\\src\\Concerns\\RoutesRequests.php(267): Laravel\\Lumen\\Application->callActionOnArrayBasedRoute(Array)
#20 C:\\Xamp\\php\\tantoy_sia2\\vendor\\laravel\\lumen-framework\\src\\Concerns\\RoutesRequests.php(169): Laravel\\Lumen\\Application->handleFoundRoute(Array)
#21 C:\\Xamp\\php\\tantoy_sia2\\vendor\\laravel\\lumen-framework\\src\\Concerns\\RoutesRequests.php(429): Laravel\\Lumen\\Application->Laravel\\Lumen\\Concerns\\{closure}(Object(Laravel\\Lumen\\Http\\Request))
#22 C:\\Xamp\\php\\tantoy_sia2\\vendor\\laravel\\lumen-framework\\src\\Concerns\\RoutesRequests.php(175): Laravel\\Lumen\\Application->sendThroughPipeline(Array, Object(Closure))
#23 C:\\Xamp\\php\\tantoy_sia2\\vendor\\laravel\\lumen-framework\\src\\Concerns\\RoutesRequests.php(112): Laravel\\Lumen\\Application->dispatch(NULL)
#24 C:\\Xamp\\php\\tantoy_sia2\\public\\index.php(28): Laravel\\Lumen\\Application->run()
#25 {main}

[previous exception] [object] (PDOException(code: 42S02): SQLSTATE[42S02]: Base table or view not found: 1146 Table 'sia_act2.tbluser' doesn't exist at C:\\Xamp\\php\\tantoy_sia2\\vendor\\illuminate\\database\\Connection.php:396)
[stacktrace]
#0 C:\\Xamp\\php\\tantoy_sia2\\vendor\\illuminate\\database\\Connection.php(396): PDO->prepare('select * from `...')
#1 C:\\Xamp\\php\\tantoy_sia2\\vendor\\illuminate\\database\\Connection.php(735): Illuminate\\Database\\Connection->Illuminate\\Database\\{closure}('select * from `...', Array)
#2 C:\\Xamp\\php\\tantoy_sia2\\vendor\\illuminate\\database\\Connection.php(702): Illuminate\\Database\\Connection->runQueryCallback('select * from `...', Array, Object(Closure))
#3 C:\\Xamp\\php\\tantoy_sia2\\vendor\\illuminate\\database\\Connection.php(404): Illuminate\\Database\\Connection->run('select * from `...', Array, Object(Closure))
#4 C:\\Xamp\\php\\tantoy_sia2\\vendor\\illuminate\\database\\Query\\Builder.php(2630): Illuminate\\Database\\Connection->select('select * from `...', Array, true)
#5 C:\\Xamp\\php\\tantoy_sia2\\vendor\\illuminate\\database\\Query\\Builder.php(2618): Illuminate\\Database\\Query\\Builder->runSelect()
#6 C:\\Xamp\\php\\tantoy_sia2\\vendor\\illuminate\\database\\Query\\Builder.php(3154): Illuminate\\Database\\Query\\Builder->Illuminate\\Database\\Query\\{closure}()
#7 C:\\Xamp\\php\\tantoy_sia2\\vendor\\illuminate\\database\\Query\\Builder.php(2619): Illuminate\\Database\\Query\\Builder->onceWithColumns(Array, Object(Closure))
#8 C:\\Xamp\\php\\tantoy_sia2\\vendor\\illuminate\\database\\Eloquent\\Builder.php(698): Illuminate\\Database\\Query\\Builder->get(Array)
#9 C:\\Xamp\\php\\tantoy_sia2\\vendor\\illuminate\\database\\Eloquent\\Builder.php(682): Illuminate\\Database\\Eloquent\\Builder->getModels(Array)
#10 C:\\Xamp\\php\\tantoy_sia2\\vendor\\illuminate\\database\\Eloquent\\Model.php(570): Illuminate\\Database\\Eloquent\\Builder->get(Array)
#11 C:\\Xamp\\php\\tantoy_sia2\\app\\Http\\Controllers\\Usercontroller.php(19): Illuminate\\Database\\Eloquent\\Model::all()
#12 C:\\Xamp\\php\\tantoy_sia2\\vendor\\illuminate\\container\\BoundMethod.php(36): App\\Http\\Controllers\\UserController->index()
#13 C:\\Xamp\\php\\tantoy_sia2\\vendor\\illuminate\\container\\Util.php(41): Illuminate\\Container\\BoundMethod::Illuminate\\Container\\{closure}()
#14 C:\\Xamp\\php\\tantoy_sia2\\vendor\\illuminate\\container\\BoundMethod.php(93): Illuminate\\Container\\Util::unwrapIfClosure(Object(Closure))
#15 C:\\Xamp\\php\\tantoy_sia2\\vendor\\illuminate\\container\\BoundMethod.php(37): Illuminate\\Container\\BoundMethod::callBoundMethod(Object(Laravel\\Lumen\\Application), Array, Object(Closure))
#16 C:\\Xamp\\php\\tantoy_sia2\\vendor\\illuminate\\container\\Container.php(651): Illuminate\\Container\\BoundMethod::call(Object(Laravel\\Lumen\\Application), Array, Array, NULL)
#17 C:\\Xamp\\php\\tantoy_sia2\\vendor\\laravel\\lumen-framework\\src\\Concerns\\RoutesRequests.php(389): Illuminate\\Container\\Container->call(Array, Array)
#18 C:\\Xamp\\php\\tantoy_sia2\\vendor\\laravel\\lumen-framework\\src\\Concerns\\RoutesRequests.php(355): Laravel\\Lumen\\Application->callControllerCallable(Array, Array)
#19 C:\\Xamp\\php\\tantoy_sia2\\vendor\\laravel\\lumen-framework\\src\\Concerns\\RoutesRequests.php(329): Laravel\\Lumen\\Application->callLumenController(Object(App\\Http\\Controllers\\UserController), 'index', Array)
#20 C:\\Xamp\\php\\tantoy_sia2\\vendor\\laravel\\lumen-framework\\src\\Concerns\\RoutesRequests.php(282): Laravel\\Lumen\\Application->callControllerAction(Array)
#21 C:\\Xamp\\php\\tantoy_sia2\\vendor\\laravel\\lumen-framework\\src\\Concerns\\RoutesRequests.php(267): Laravel\\Lumen\\Application->callActionOnArrayBasedRoute(Array)
#22 C:\\Xamp\\php\\tantoy_sia2\\vendor\\laravel\\lumen-framework\\src\\Concerns\\RoutesRequests.php(169): Laravel\\Lumen\\Application->handleFoundRoute(Array)
#23 C:\\Xamp\\php\\tantoy_sia2\\vendor\\laravel\\lumen-framework\\src\\Concerns\\RoutesRequests.php(429): Laravel\\Lumen\\Application->Laravel\\Lumen\\Concerns\\{closure}(Object(Laravel\\Lumen\\Http\\Request))
#24 C:\\Xamp\\php\\tantoy_sia2\\vendor\\laravel\\lumen-framework\\src\\Concerns\\RoutesRequests.php(175): Laravel\\Lumen\\Application->sendThroughPipeline(Array, Object(Closure))
#25 C:\\Xamp\\php\\tantoy_sia2\\vendor\\laravel\\lumen-framework\\src\\Concerns\\RoutesRequests.php(112): Laravel\\Lumen\\Application->dispatch(NULL)
#26 C:\\Xamp\\php\\tantoy_sia2\\public\\index.php(28): Laravel\\Lumen\\Application->run()
#27 {main}
"} 
[2022-06-09 15:15:14] local.ERROR: SQLSTATE[42S02]: Base table or view not found: 1146 Table 'sia_act2.tbluser' doesn't exist (SQL: select * from `tbluser`) {"exception":"[object] (Illuminate\\Database\\QueryException(code: 42S02): SQLSTATE[42S02]: Base table or view not found: 1146 Table 'sia_act2.tbluser' doesn't exist (SQL: select * from `tbluser`) at C:\\Xamp\\php\\tantoy_sia2\\vendor\\illuminate\\database\\Connection.php:742)
[stacktrace]
#0 C:\\Xamp\\php\\tantoy_sia2\\vendor\\illuminate\\database\\Connection.php(702): Illuminate\\Database\\Connection->runQueryCallback('select * from `...', Array, Object(Closure))
#1 C:\\Xamp\\php\\tantoy_sia2\\vendor\\illuminate\\database\\Connection.php(404): Illuminate\\Database\\Connection->run('select * from `...', Array, Object(Closure))
#2 C:\\Xamp\\php\\tantoy_sia2\\vendor\\illuminate\\database\\Query\\Builder.php(2630): Illuminate\\Database\\Connection->select('select * from `...', Array, true)
#3 C:\\Xamp\\php\\tantoy_sia2\\vendor\\illuminate\\database\\Query\\Builder.php(2618): Illuminate\\Database\\Query\\Builder->runSelect()
#4 C:\\Xamp\\php\\tantoy_sia2\\vendor\\illuminate\\database\\Query\\Builder.php(3154): Illuminate\\Database\\Query\\Builder->Illuminate\\Database\\Query\\{closure}()
#5 C:\\Xamp\\php\\tantoy_sia2\\vendor\\illuminate\\database\\Query\\Builder.php(2619): Illuminate\\Database\\Query\\Builder->onceWithColumns(Array, Object(Closure))
#6 C:\\Xamp\\php\\tantoy_sia2\\vendor\\illuminate\\database\\Eloquent\\Builder.php(698): Illuminate\\Database\\Query\\Builder->get(Array)
#7 C:\\Xamp\\php\\tantoy_sia2\\vendor\\illuminate\\database\\Eloquent\\Builder.php(682): Illuminate\\Database\\Eloquent\\Builder->getModels(Array)
#8 C:\\Xamp\\php\\tantoy_sia2\\vendor\\illuminate\\database\\Eloquent\\Model.php(570): Illuminate\\Database\\Eloquent\\Builder->get(Array)
#9 C:\\Xamp\\php\\tantoy_sia2\\app\\Http\\Controllers\\Usercontroller.php(19): Illuminate\\Database\\Eloquent\\Model::all()
#10 C:\\Xamp\\php\\tantoy_sia2\\vendor\\illuminate\\container\\BoundMethod.php(36): App\\Http\\Controllers\\UserController->index()
#11 C:\\Xamp\\php\\tantoy_sia2\\vendor\\illuminate\\container\\Util.php(41): Illuminate\\Container\\BoundMethod::Illuminate\\Container\\{closure}()
#12 C:\\Xamp\\php\\tantoy_sia2\\vendor\\illuminate\\container\\BoundMethod.php(93): Illuminate\\Container\\Util::unwrapIfClosure(Object(Closure))
#13 C:\\Xamp\\php\\tantoy_sia2\\vendor\\illuminate\\container\\BoundMethod.php(37): Illuminate\\Container\\BoundMethod::callBoundMethod(Object(Laravel\\Lumen\\Application), Array, Object(Closure))
#14 C:\\Xamp\\php\\tantoy_sia2\\vendor\\illuminate\\container\\Container.php(651): Illuminate\\Container\\BoundMethod::call(Object(Laravel\\Lumen\\Application), Array, Array, NULL)
#15 C:\\Xamp\\php\\tantoy_sia2\\vendor\\laravel\\lumen-framework\\src\\Concerns\\RoutesRequests.php(389): Illuminate\\Container\\Container->call(Array, Array)
#16 C:\\Xamp\\php\\tantoy_sia2\\vendor\\laravel\\lumen-framework\\src\\Concerns\\RoutesRequests.php(355): Laravel\\Lumen\\Application->callControllerCallable(Array, Array)
#17 C:\\Xamp\\php\\tantoy_sia2\\vendor\\laravel\\lumen-framework\\src\\Concerns\\RoutesRequests.php(329): Laravel\\Lumen\\Application->callLumenController(Object(App\\Http\\Controllers\\UserController), 'index', Array)
#18 C:\\Xamp\\php\\tantoy_sia2\\vendor\\laravel\\lumen-framework\\src\\Concerns\\RoutesRequests.php(282): Laravel\\Lumen\\Application->callControllerAction(Array)
#19 C:\\Xamp\\php\\tantoy_sia2\\vendor\\laravel\\lumen-framework\\src\\Concerns\\RoutesRequests.php(267): Laravel\\Lumen\\Application->callActionOnArrayBasedRoute(Array)
#20 C:\\Xamp\\php\\tantoy_sia2\\vendor\\laravel\\lumen-framework\\src\\Concerns\\RoutesRequests.php(169): Laravel\\Lumen\\Application->handleFoundRoute(Array)
#21 C:\\Xamp\\php\\tantoy_sia2\\vendor\\laravel\\lumen-framework\\src\\Concerns\\RoutesRequests.php(429): Laravel\\Lumen\\Application->Laravel\\Lumen\\Concerns\\{closure}(Object(Laravel\\Lumen\\Http\\Request))
#22 C:\\Xamp\\php\\tantoy_sia2\\vendor\\laravel\\lumen-framework\\src\\Concerns\\RoutesRequests.php(175): Laravel\\Lumen\\Application->sendThroughPipeline(Array, Object(Closure))
#23 C:\\Xamp\\php\\tantoy_sia2\\vendor\\laravel\\lumen-framework\\src\\Concerns\\RoutesRequests.php(112): Laravel\\Lumen\\Application->dispatch(NULL)
#24 C:\\Xamp\\php\\tantoy_sia2\\public\\index.php(28): Laravel\\Lumen\\Application->run()
#25 {main}

[previous exception] [object] (PDOException(code: 42S02): SQLSTATE[42S02]: Base table or view not found: 1146 Table 'sia_act2.tbluser' doesn't exist at C:\\Xamp\\php\\tantoy_sia2\\vendor\\illuminate\\database\\Connection.php:396)
[stacktrace]
#0 C:\\Xamp\\php\\tantoy_sia2\\vendor\\illuminate\\database\\Connection.php(396): PDO->prepare('select * from `...')
#1 C:\\Xamp\\php\\tantoy_sia2\\vendor\\illuminate\\database\\Connection.php(735): Illuminate\\Database\\Connection->Illuminate\\Database\\{closure}('select * from `...', Array)
#2 C:\\Xamp\\php\\tantoy_sia2\\vendor\\illuminate\\database\\Connection.php(702): Illuminate\\Database\\Connection->runQueryCallback('select * from `...', Array, Object(Closure))
#3 C:\\Xamp\\php\\tantoy_sia2\\vendor\\illuminate\\database\\Connection.php(404): Illuminate\\Database\\Connection->run('select * from `...', Array, Object(Closure))
#4 C:\\Xamp\\php\\tantoy_sia2\\vendor\\illuminate\\database\\Query\\Builder.php(2630): Illuminate\\Database\\Connection->select('select * from `...', Array, true)
#5 C:\\Xamp\\php\\tantoy_sia2\\vendor\\illuminate\\database\\Query\\Builder.php(2618): Illuminate\\Database\\Query\\Builder->runSelect()
#6 C:\\Xamp\\php\\tantoy_sia2\\vendor\\illuminate\\database\\Query\\Builder.php(3154): Illuminate\\Database\\Query\\Builder->Illuminate\\Database\\Query\\{closure}()
#7 C:\\Xamp\\php\\tantoy_sia2\\vendor\\illuminate\\database\\Query\\Builder.php(2619): Illuminate\\Database\\Query\\Builder->onceWithColumns(Array, Object(Closure))
#8 C:\\Xamp\\php\\tantoy_sia2\\vendor\\illuminate\\database\\Eloquent\\Builder.php(698): Illuminate\\Database\\Query\\Builder->get(Array)
#9 C:\\Xamp\\php\\tantoy_sia2\\vendor\\illuminate\\database\\Eloquent\\Builder.php(682): Illuminate\\Database\\Eloquent\\Builder->getModels(Array)
#10 C:\\Xamp\\php\\tantoy_sia2\\vendor\\illuminate\\database\\Eloquent\\Model.php(570): Illuminate\\Database\\Eloquent\\Builder->get(Array)
#11 C:\\Xamp\\php\\tantoy_sia2\\app\\Http\\Controllers\\Usercontroller.php(19): Illuminate\\Database\\Eloquent\\Model::all()
#12 C:\\Xamp\\php\\tantoy_sia2\\vendor\\illuminate\\container\\BoundMethod.php(36): App\\Http\\Controllers\\UserController->index()
#13 C:\\Xamp\\php\\tantoy_sia2\\vendor\\illuminate\\container\\Util.php(41): Illuminate\\Container\\BoundMethod::Illuminate\\Container\\{closure}()
#14 C:\\Xamp\\php\\tantoy_sia2\\vendor\\illuminate\\container\\BoundMethod.php(93): Illuminate\\Container\\Util::unwrapIfClosure(Object(Closure))
#15 C:\\Xamp\\php\\tantoy_sia2\\vendor\\illuminate\\container\\BoundMethod.php(37): Illuminate\\Container\\BoundMethod::callBoundMethod(Object(Laravel\\Lumen\\Application), Array, Object(Closure))
#16 C:\\Xamp\\php\\tantoy_sia2\\vendor\\illuminate\\container\\Container.php(651): Illuminate\\Container\\BoundMethod::call(Object(Laravel\\Lumen\\Application), Array, Array, NULL)
#17 C:\\Xamp\\php\\tantoy_sia2\\vendor\\laravel\\lumen-framework\\src\\Concerns\\RoutesRequests.php(389): Illuminate\\Container\\Container->call(Array, Array)
#18 C:\\Xamp\\php\\tantoy_sia2\\vendor\\laravel\\lumen-framework\\src\\Concerns\\RoutesRequests.php(355): Laravel\\Lumen\\Application->callControllerCallable(Array, Array)
#19 C:\\Xamp\\php\\tantoy_sia2\\vendor\\laravel\\lumen-framework\\src\\Concerns\\RoutesRequests.php(329): Laravel\\Lumen\\Application->callLumenController(Object(App\\Http\\Controllers\\UserController), 'index', Array)
#20 C:\\Xamp\\php\\tantoy_sia2\\vendor\\laravel\\lumen-framework\\src\\Concerns\\RoutesRequests.php(282): Laravel\\Lumen\\Application->callControllerAction(Array)
#21 C:\\Xamp\\php\\tantoy_sia2\\vendor\\laravel\\lumen-framework\\src\\Concerns\\RoutesRequests.php(267): Laravel\\Lumen\\Application->callActionOnArrayBasedRoute(Array)
#22 C:\\Xamp\\php\\tantoy_sia2\\vendor\\laravel\\lumen-framework\\src\\Concerns\\RoutesRequests.php(169): Laravel\\Lumen\\Application->handleFoundRoute(Array)
#23 C:\\Xamp\\php\\tantoy_sia2\\vendor\\laravel\\lumen-framework\\src\\Concerns\\RoutesRequests.php(429): Laravel\\Lumen\\Application->Laravel\\Lumen\\Concerns\\{closure}(Object(Laravel\\Lumen\\Http\\Request))
#24 C:\\Xamp\\php\\tantoy_sia2\\vendor\\laravel\\lumen-framework\\src\\Concerns\\RoutesRequests.php(175): Laravel\\Lumen\\Application->sendThroughPipeline(Array, Object(Closure))
#25 C:\\Xamp\\php\\tantoy_sia2\\vendor\\laravel\\lumen-framework\\src\\Concerns\\RoutesRequests.php(112): Laravel\\Lumen\\Application->dispatch(NULL)
#26 C:\\Xamp\\php\\tantoy_sia2\\public\\index.php(28): Laravel\\Lumen\\Application->run()
#27 {main}
"} 
